<TextResponse><text>Sun 24 Dec 05:28:06 GMT 2023</text></TextResponse>